\BOOKMARK [1][-]{table.1}{TABLE OF CONTENTS}{}% 1
\BOOKMARK [0][-]{section*.2}{LIST OF TABLES}{}% 2
\BOOKMARK [0][-]{section*.4}{LIST OF FIGURES}{}% 3
\BOOKMARK [0][-]{section*.6}{ACKNOWLEDGEMENTS}{}% 4
\BOOKMARK [0][-]{section*.7}{ABSTRACT}{}% 5
\BOOKMARK [0][-]{chapter.8}{1. Introduction}{}% 6
\BOOKMARK [0][-]{chapter.14}{2. Contributions}{}% 7
\BOOKMARK [0][-]{chapter.15}{3. Hybrid Traversal Selection for Efficient Source Code Analysis}{}% 8
\BOOKMARK [1][-]{section.17}{3.1 A System For Expressing Source Code Analysis As Traversals}{chapter.15}% 9
\BOOKMARK [1][-]{section.56}{3.2 Static and Runtime Properties}{chapter.15}% 10
\BOOKMARK [2][-]{subsection.57}{3.2.1 Data-Flow Sensitivity}{section.56}% 11
\BOOKMARK [2][-]{subsection.68}{3.2.2 Computing Data-Flow Sensitivity}{section.56}% 12
\BOOKMARK [2][-]{subsection.69}{3.2.3 Loop Sensitivity}{section.56}% 13
\BOOKMARK [2][-]{subsection.105}{3.2.4 Computing Loop Sensitivity}{section.56}% 14
\BOOKMARK [2][-]{subsection.107}{3.2.5 Graph Cyclicity}{section.56}% 15
\BOOKMARK [1][-]{section.108}{3.3 Traversal Strategies - Candidates}{chapter.15}% 16
\BOOKMARK [1][-]{section.110}{3.4 Decision Tree for Traversal Strategy Selection}{chapter.15}% 17
\BOOKMARK [2][-]{subsection.112}{3.4.1 An Example}{section.110}% 18
\BOOKMARK [1][-]{section.113}{3.5 Optimizing the Selected Traversal Strategy}{chapter.15}% 19
\BOOKMARK [0][-]{chapter.114}{4. Empirical Evaluation}{}% 20
\BOOKMARK [1][-]{section.115}{4.1 Analyses, Datasets and Experiment Setting}{chapter.114}% 21
\BOOKMARK [2][-]{subsection.117}{4.1.1 Analyses.}{section.115}% 22
\BOOKMARK [2][-]{subsection.120}{4.1.2 Datasets.}{section.115}% 23
\BOOKMARK [2][-]{subsection.121}{4.1.3 Setting.}{section.115}% 24
\BOOKMARK [1][-]{section.122}{4.2 Running Time and Time Reduction}{chapter.114}% 25
\BOOKMARK [2][-]{subsection.123}{4.2.1 Running Time}{section.122}% 26
\BOOKMARK [2][-]{subsection.124}{4.2.2 Time Reduction}{section.122}% 27
\BOOKMARK [2][-]{subsection.129}{4.2.3 Time reduction against hand optimized analysis}{section.122}% 28
\BOOKMARK [1][-]{section.131}{4.3 Correctness of Analysis Results}{chapter.114}% 29
\BOOKMARK [1][-]{section.132}{4.4 Traversal Strategy Selection Precision}{chapter.114}% 30
\BOOKMARK [1][-]{section.152}{4.5 Analysis on the Decision Tree Distribution}{chapter.114}% 31
\BOOKMARK [1][-]{section.155}{4.6 Analysis on Traversal Optimization}{chapter.114}% 32
\BOOKMARK [0][-]{chapter.157}{5. Case Studies}{}% 33
\BOOKMARK [0][-]{chapter.159}{6. Threats to Validity}{}% 34
\BOOKMARK [0][-]{chapter.160}{7. Related Work}{}% 35
\BOOKMARK [0][-]{chapter.161}{8. Conclusion}{}% 36
