This is pdfTeX, Version 3.14159265-2.6-1.40.17 (MiKTeX 2.9.6210 64-bit) (preloaded format=pdflatex 2017.4.5)  17 OCT 2017 13:06
entering extended mode
**./thesis.tex
(thesis.tex
LaTeX2e <2017/01/01> patch level 1
Babel <3.9r> and hyphenation patterns for 75 language(s) loaded.
(isuthesis.cls
Document Class: isuthesis 2011/02/14 v1.03 (Joe Struss)
Document Class: isuthesis 2011/02/14
("C:\Program Files\MiKTeX 2.9\tex\latex\base\report.cls"
Document Class: report 2014/09/29 v1.4h Standard LaTeX document class
("C:\Program Files\MiKTeX 2.9\tex\latex\base\size11.clo"
File: size11.clo 2014/09/29 v1.4h Standard LaTeX file (size option)
)
\c@part=\count79
\c@chapter=\count80
\c@section=\count81
\c@subsection=\count82
\c@subsubsection=\count83
\c@paragraph=\count84
\c@subparagraph=\count85
\c@figure=\count86
\c@table=\count87
\abovecaptionskip=\skip41
\belowcaptionskip=\skip42
\bibindent=\dimen102
)
("C:\Program Files\MiKTeX 2.9\tex\latex\geometry\geometry.sty"
Package: geometry 2010/09/12 v5.6 Page Geometry

("C:\Program Files\MiKTeX 2.9\tex\latex\graphics\keyval.sty"
Package: keyval 2014/10/28 v1.15 key=value parser (DPC)
\KV@toks@=\toks14
)
("C:\Program Files\MiKTeX 2.9\tex\generic\oberdiek\ifpdf.sty"
Package: ifpdf 2016/05/14 v3.1 Provides the ifpdf switch
)
("C:\Program Files\MiKTeX 2.9\tex\generic\oberdiek\ifvtex.sty"
Package: ifvtex 2016/05/16 v1.6 Detect VTeX and its facilities (HO)
Package ifvtex Info: VTeX not detected.
)
("C:\Program Files\MiKTeX 2.9\tex\generic\ifxetex\ifxetex.sty"
Package: ifxetex 2010/09/12 v0.6 Provides ifxetex conditional
)
\Gm@cnth=\count88
\Gm@cntv=\count89
\c@Gm@tempcnt=\count90
\Gm@bindingoffset=\dimen103
\Gm@wd@mp=\dimen104
\Gm@odd@mp=\dimen105
\Gm@even@mp=\dimen106
\Gm@layoutwidth=\dimen107
\Gm@layoutheight=\dimen108
\Gm@layouthoffset=\dimen109
\Gm@layoutvoffset=\dimen110
\Gm@dimlist=\toks15

("C:\Program Files\MiKTeX 2.9\tex\latex\geometry\geometry.cfg"))
\captionwidth=\dimen111
\@deptnum=\count91
\@majornum=\count92
\@numcomm=\count93
\@signwidth=\dimen112
\signdeptnum=\count94
\signmajornum=\count95
\@linecount=\count96
)
("C:\Program Files\MiKTeX 2.9\tex\latex\microtype\microtype.sty"
Package: microtype 2017/07/07 v2.7 Micro-typographical refinements (RS)
\MT@toks=\toks16
\MT@count=\count97
LaTeX Info: Redefining \textls on input line 789.
\MT@outer@kern=\dimen113
LaTeX Info: Redefining \textmicrotypecontext on input line 1334.
\MT@listname@count=\count98

("C:\Program Files\MiKTeX 2.9\tex\latex\microtype\microtype-pdftex.def"
File: microtype-pdftex.def 2017/07/07 v2.7 Definitions specific to pdftex (RS)
LaTeX Info: Redefining \lsstyle on input line 912.
LaTeX Info: Redefining \lslig on input line 912.
\MT@outer@space=\skip43
)
Package microtype Info: Loading configuration file microtype.cfg.

("C:\Program Files\MiKTeX 2.9\tex\latex\microtype\microtype.cfg"
File: microtype.cfg 2017/07/07 v2.7 microtype main configuration file (RS)
))
("C:\Program Files\MiKTeX 2.9\tex\latex\listings\listings.sty"
\lst@mode=\count99
\lst@gtempboxa=\box26
\lst@token=\toks17
\lst@length=\count100
\lst@currlwidth=\dimen114
\lst@column=\count101
\lst@pos=\count102
\lst@lostspace=\dimen115
\lst@width=\dimen116
\lst@newlines=\count103
\lst@lineno=\count104
\lst@maxwidth=\dimen117

("C:\Program Files\MiKTeX 2.9\tex\latex\listings\lstmisc.sty"
File: lstmisc.sty 2015/06/04 1.6 (Carsten Heinz)
\c@lstnumber=\count105
\lst@skipnumbers=\count106
\lst@framebox=\box27
)
("C:\Program Files\MiKTeX 2.9\tex\latex\listings\listings.cfg"
File: listings.cfg 2015/06/04 1.6 listings configuration
))
Package: listings 2015/06/04 1.6 (Carsten Heinz)

("C:\Program Files\MiKTeX 2.9\tex\latex\algorithm2e\algorithm2e.sty"
Package: algorithm2e 2017/07/18 v5.2 algorithms environments
\c@AlgoLine=\count107

("C:\Program Files\MiKTeX 2.9\tex\latex\base\ifthen.sty"
Package: ifthen 2014/09/29 v1.1c Standard LaTeX ifthen package (DPC)
)
\algocf@hangindent=\skip44

("C:\Program Files\MiKTeX 2.9\tex\latex\ifoddpage\ifoddpage.sty"
Package: ifoddpage 2016/04/23 v1.1 Conditionals for odd/even page detection
\c@checkoddpage=\count108
)
("C:\Program Files\MiKTeX 2.9\tex\latex\tools\xspace.sty"
Package: xspace 2014/10/28 v1.13 Space after command names (DPC,MH)
)
("C:\Program Files\MiKTeX 2.9\tex\latex\ltxmisc\relsize.sty"
Package: relsize 2003/07/04 ver 3.1
)
\skiptotal=\skip45
\skiplinenumber=\skip46
\skiprule=\skip47
\skiphlne=\skip48
\skiptext=\skip49
\skiplength=\skip50
\algomargin=\skip51
\skipalgocfslide=\skip52
\algowidth=\dimen118
\inoutsize=\dimen119
\inoutindent=\dimen120
\interspacetitleruled=\dimen121
\interspacealgoruled=\dimen122
\interspacetitleboxruled=\dimen123
\algocf@ruledwidth=\skip53
\algocf@inoutbox=\box28
\algocf@inputbox=\box29
\AlCapSkip=\skip54
\AlCapHSkip=\skip55
\algoskipindent=\skip56
\algocf@nlbox=\box30
\algocf@hangingbox=\box31
\algocf@untilbox=\box32
\algocf@skipuntil=\skip57
\algocf@capbox=\box33
\algocf@lcaptionbox=\skip58
\algoheightruledefault=\skip59
\algoheightrule=\skip60
\algotitleheightruledefault=\skip61
\algotitleheightrule=\skip62
\c@algocfline=\count109
\c@algocfproc=\count110
\c@algocf=\count111
\algocf@algoframe=\box34
\algocf@algobox=\box35
)
("C:\Program Files\MiKTeX 2.9\tex\latex\booktabs\booktabs.sty"
Package: booktabs 2005/04/14 v1.61803 publication quality tables
\heavyrulewidth=\dimen124
\lightrulewidth=\dimen125
\cmidrulewidth=\dimen126
\belowrulesep=\dimen127
\belowbottomsep=\dimen128
\aboverulesep=\dimen129
\abovetopsep=\dimen130
\cmidrulesep=\dimen131
\cmidrulekern=\dimen132
\defaultaddspace=\dimen133
\@cmidla=\count112
\@cmidlb=\count113
\@aboverulesep=\dimen134
\@belowrulesep=\dimen135
\@thisruleclass=\count114
\@lastruleclass=\count115
\@thisrulewidth=\dimen136
)
("C:\Program Files\MiKTeX 2.9\tex\latex\subfig\subfig.sty"
Package: subfig 2005/06/28 ver: 1.3 subfig package

("C:\Program Files\MiKTeX 2.9\tex\latex\caption\caption.sty"
Package: caption 2016/02/21 v3.3-144 Customizing captions (AR)

("C:\Program Files\MiKTeX 2.9\tex\latex\caption\caption3.sty"
Package: caption3 2016/05/22 v1.7-166 caption3 kernel (AR)
Package caption3 Info: TeX engine: e-TeX on input line 67.
\captionmargin=\dimen137
\captionmargin@=\dimen138
\captionwidth=\dimen139
\caption@tempdima=\dimen140
\caption@indent=\dimen141
\caption@parindent=\dimen142
\caption@hangindent=\dimen143
Package caption Info: Unknown document class (or package),
(caption)             standard defaults will be used.
)

Package caption Warning: Unsupported document class (or package) detected,
(caption)                usage of the caption package is not recommended.
See the caption package documentation for explanation.

Package caption Info: \@makecaption = \long macro:#1#2-> \vskip 10pt \newbox \@
tempboxb \setbox \@tempboxa \hbox {#2} \setbox \@tempboxb \hbox {#1~~~} \advanc
e \captionwidth by -\wd \@tempboxb \ifdim \captionwidth < \wd \@tempboxa \hbox 
to \hsize {\hfil \box \@tempboxb \parbox [t]{\captionwidth }{\unhbox \@tempboxa
 }\hfil } \else \hbox to \hsize {\hfil \box \@tempboxb \box \@tempboxa \hfil } 
\fi .
\c@ContinuedFloat=\count116
Package caption Info: listings package is loaded.
)
\c@KVtest=\count117
\sf@farskip=\skip63
\sf@captopadj=\dimen144
\sf@capskip=\skip64
\sf@nearskip=\skip65
\c@subfigure=\count118
\c@subfigure@save=\count119
\c@lofdepth=\count120
\c@subtable=\count121
\c@subtable@save=\count122
\c@lotdepth=\count123
\sf@top=\skip66
\sf@bottom=\skip67
) ("C:\Program Files\MiKTeX 2.9\tex\latex\wrapfig\wrapfig.sty"
\wrapoverhang=\dimen145
\WF@size=\dimen146
\c@WF@wrappedlines=\count124
\WF@box=\box36
\WF@everypar=\toks18
Package: wrapfig 2003/01/31  v 3.6
)
("C:\Program Files\MiKTeX 2.9\tex\latex\amsfonts\amssymb.sty"
Package: amssymb 2013/01/14 v3.01 AMS font symbols

("C:\Program Files\MiKTeX 2.9\tex\latex\amsfonts\amsfonts.sty"
Package: amsfonts 2013/01/14 v3.01 Basic AMSFonts support
\@emptytoks=\toks19
\symAMSa=\mathgroup4
\symAMSb=\mathgroup5
LaTeX Font Info:    Overwriting math alphabet `\mathfrak' in version `bold'
(Font)                  U/euf/m/n --> U/euf/b/n on input line 106.
))
("C:\Program Files\MiKTeX 2.9\tex\latex\xcolor\xcolor.sty"
Package: xcolor 2016/05/11 v2.12 LaTeX color extensions (UK)

("C:\Program Files\MiKTeX 2.9\tex\latex\graphics-cfg\color.cfg"
File: color.cfg 2016/01/02 v1.6 sample color configuration
)
Package xcolor Info: Driver file: pdftex.def on input line 225.

("C:\Program Files\MiKTeX 2.9\tex\latex\graphics-def\pdftex.def"
File: pdftex.def 2017/01/12 v0.06k Graphics/color for pdfTeX

("C:\Program Files\MiKTeX 2.9\tex\generic\oberdiek\infwarerr.sty"
Package: infwarerr 2016/05/16 v1.4 Providing info/warning/error messages (HO)
)
("C:\Program Files\MiKTeX 2.9\tex\generic\oberdiek\ltxcmds.sty"
Package: ltxcmds 2016/05/16 v1.23 LaTeX kernel commands for general use (HO)
)
\Gread@gobject=\count125
)
("C:\Program Files\MiKTeX 2.9\tex\latex\colortbl\colortbl.sty"
Package: colortbl 2012/02/13 v1.0a Color table columns (DPC)

("C:\Program Files\MiKTeX 2.9\tex\latex\tools\array.sty"
Package: array 2016/10/06 v2.4d Tabular extension package (FMi)
\col@sep=\dimen147
\extrarowheight=\dimen148
\NC@list=\toks20
\extratabsurround=\skip68
\backup@length=\skip69
)
\everycr=\toks21
\minrowclearance=\skip70
)
\rownum=\count126
Package xcolor Info: Model `cmy' substituted by `cmy0' on input line 1348.
Package xcolor Info: Model `hsb' substituted by `rgb' on input line 1352.
Package xcolor Info: Model `RGB' extended on input line 1364.
Package xcolor Info: Model `HTML' substituted by `rgb' on input line 1366.
Package xcolor Info: Model `Hsb' substituted by `hsb' on input line 1367.
Package xcolor Info: Model `tHsb' substituted by `hsb' on input line 1368.
Package xcolor Info: Model `HSB' substituted by `hsb' on input line 1369.
Package xcolor Info: Model `Gray' substituted by `gray' on input line 1370.
Package xcolor Info: Model `wave' substituted by `hsb' on input line 1371.
)
("C:\Program Files\MiKTeX 2.9\tex\latex\tools\multicol.sty"
Package: multicol 2016/04/07 v1.8p multicolumn formatting (FMi)
\c@tracingmulticols=\count127
\mult@box=\box37
\multicol@leftmargin=\dimen149
\c@unbalance=\count128
\c@collectmore=\count129
\doublecol@number=\count130
\multicoltolerance=\count131
\multicolpretolerance=\count132
\full@width=\dimen150
\page@free=\dimen151
\premulticols=\dimen152
\postmulticols=\dimen153
\multicolsep=\skip71
\multicolbaselineskip=\skip72
\partial@page=\box38
\last@line=\box39
\maxbalancingoverflow=\dimen154
\mult@rightbox=\box40
\mult@grightbox=\box41
\mult@gfirstbox=\box42
\mult@firstbox=\box43
\@tempa=\box44
\@tempa=\box45
\@tempa=\box46
\@tempa=\box47
\@tempa=\box48
\@tempa=\box49
\@tempa=\box50
\@tempa=\box51
\@tempa=\box52
\@tempa=\box53
\@tempa=\box54
\@tempa=\box55
\@tempa=\box56
\@tempa=\box57
\@tempa=\box58
\@tempa=\box59
\@tempa=\box60
\c@columnbadness=\count133
\c@finalcolumnbadness=\count134
\last@try=\dimen155
\multicolovershoot=\dimen156
\multicolundershoot=\dimen157
\mult@nat@firstbox=\box61
\colbreak@box=\box62
\mc@col@check@num=\count135
)
("C:\Program Files\MiKTeX 2.9\tex\latex\psnfss\pifont.sty"
Package: pifont 2005/04/12 PSNFSS-v9.2a Pi font support (SPQR) 
LaTeX Font Info:    Try loading font information for U+pzd on input line 63.

("C:\Program Files\MiKTeX 2.9\tex\latex\psnfss\upzd.fd"
File: upzd.fd 2001/06/04 font definitions for U/pzd.
)
LaTeX Font Info:    Try loading font information for U+psy on input line 64.

("C:\Program Files\MiKTeX 2.9\tex\latex\psnfss\upsy.fd"
File: upsy.fd 2001/06/04 font definitions for U/psy.
))
("C:\Program Files\MiKTeX 2.9\tex\latex\graphics\graphicx.sty"
Package: graphicx 2014/10/28 v1.0g Enhanced LaTeX Graphics (DPC,SPQR)

("C:\Program Files\MiKTeX 2.9\tex\latex\graphics\graphics.sty"
Package: graphics 2016/10/09 v1.0u Standard LaTeX Graphics (DPC,SPQR)

("C:\Program Files\MiKTeX 2.9\tex\latex\graphics\trig.sty"
Package: trig 2016/01/03 v1.10 sin cos tan (DPC)
)
("C:\Program Files\MiKTeX 2.9\tex\latex\graphics-cfg\graphics.cfg"
File: graphics.cfg 2016/06/04 v1.11 sample graphics configuration
)
Package graphics Info: Driver file: pdftex.def on input line 99.
)
\Gin@req@height=\dimen158
\Gin@req@width=\dimen159
)
(isutraditional.sty) (rotating.sty
Package: rotating 1995/08/22 2.10 Rotation package
\r@tfl@t=\count136
\rot@float@box=\box63
) (natbib.sty
Package: natbib 1996/06/17 6.3 (PWD)
\bibhang=\skip73
\bibsep=\skip74
LaTeX Info: Redefining \cite on input line 314.
\c@NAT@ctr=\count137
)
("C:\Program Files\MiKTeX 2.9\tex\latex\hyperref\hyperref.sty"
Package: hyperref 2016/06/24 v6.83q Hypertext links for LaTeX

("C:\Program Files\MiKTeX 2.9\tex\generic\oberdiek\hobsub-hyperref.sty"
Package: hobsub-hyperref 2016/05/16 v1.14 Bundle oberdiek, subset hyperref (HO)


("C:\Program Files\MiKTeX 2.9\tex\generic\oberdiek\hobsub-generic.sty"
Package: hobsub-generic 2016/05/16 v1.14 Bundle oberdiek, subset generic (HO)
Package: hobsub 2016/05/16 v1.14 Construct package bundles (HO)
Package hobsub Info: Skipping package `infwarerr' (already loaded).
Package hobsub Info: Skipping package `ltxcmds' (already loaded).
Package: ifluatex 2016/05/16 v1.4 Provides the ifluatex switch (HO)
Package ifluatex Info: LuaTeX not detected.
Package hobsub Info: Skipping package `ifvtex' (already loaded).
Package: intcalc 2016/05/16 v1.2 Expandable calculations with integers (HO)
Package hobsub Info: Skipping package `ifpdf' (already loaded).
Package: etexcmds 2016/05/16 v1.6 Avoid name clashes with e-TeX commands (HO)
Package etexcmds Info: Could not find \expanded.
(etexcmds)             That can mean that you are not using pdfTeX 1.50 or
(etexcmds)             that some package has redefined \expanded.
(etexcmds)             In the latter case, load this package earlier.
Package: kvsetkeys 2016/05/16 v1.17 Key value parser (HO)
Package: kvdefinekeys 2016/05/16 v1.4 Define keys (HO)
Package: pdftexcmds 2016/05/21 v0.22 Utility functions of pdfTeX for LuaTeX (HO
)
Package pdftexcmds Info: LuaTeX not detected.
Package pdftexcmds Info: \pdf@primitive is available.
Package pdftexcmds Info: \pdf@ifprimitive is available.
Package pdftexcmds Info: \pdfdraftmode found.
Package: pdfescape 2016/05/16 v1.14 Implements pdfTeX's escape features (HO)
Package: bigintcalc 2016/05/16 v1.4 Expandable calculations on big integers (HO
)
Package: bitset 2016/05/16 v1.2 Handle bit-vector datatype (HO)
Package: uniquecounter 2016/05/16 v1.3 Provide unlimited unique counter (HO)
)
Package hobsub Info: Skipping package `hobsub' (already loaded).
Package: letltxmacro 2016/05/16 v1.5 Let assignment for LaTeX macros (HO)
Package: hopatch 2016/05/16 v1.3 Wrapper for package hooks (HO)
Package: xcolor-patch 2016/05/16 xcolor patch
Package: atveryend 2016/05/16 v1.9 Hooks at the very end of document (HO)
Package atveryend Info: \enddocument detected (standard20110627).
Package: atbegshi 2016/06/09 v1.18 At begin shipout hook (HO)
Package: refcount 2016/05/16 v3.5 Data extraction from label references (HO)
Package: hycolor 2016/05/16 v1.8 Color options for hyperref/bookmark (HO)
)
("C:\Program Files\MiKTeX 2.9\tex\latex\oberdiek\auxhook.sty"
Package: auxhook 2016/05/16 v1.4 Hooks for auxiliary files (HO)
)
("C:\Program Files\MiKTeX 2.9\tex\latex\oberdiek\kvoptions.sty"
Package: kvoptions 2016/05/16 v3.12 Key value format for package options (HO)
)
\@linkdim=\dimen160
\Hy@linkcounter=\count138
\Hy@pagecounter=\count139

("C:\Program Files\MiKTeX 2.9\tex\latex\hyperref\pd1enc.def"
File: pd1enc.def 2016/06/24 v6.83q Hyperref: PDFDocEncoding definition (HO)
)
\Hy@SavedSpaceFactor=\count140

("C:\Program Files\MiKTeX 2.9\tex\latex\00miktex\hyperref.cfg"
File: hyperref.cfg 2002/06/06 v1.2 hyperref configuration of TeXLive
)
Package hyperref Info: Option `hypertexnames' set `false' on input line 4362.
Package hyperref Info: Option `linktocpage' set `true' on input line 4362.
Package hyperref Info: Hyper figures OFF on input line 4486.
Package hyperref Info: Link nesting OFF on input line 4491.
Package hyperref Info: Hyper index ON on input line 4494.
Package hyperref Info: Plain pages OFF on input line 4501.
Package hyperref Info: Backreferencing OFF on input line 4506.
Package hyperref Info: Implicit mode ON; LaTeX internals redefined.
Package hyperref Info: Bookmarks ON on input line 4735.
\c@Hy@tempcnt=\count141

("C:\Program Files\MiKTeX 2.9\tex\latex\url\url.sty"
\Urlmuskip=\muskip10
Package: url 2013/09/16  ver 3.4  Verb mode for urls, etc.
)
LaTeX Info: Redefining \url on input line 5088.
\XeTeXLinkMargin=\dimen161
\Fld@menulength=\count142
\Field@Width=\dimen162
\Fld@charsize=\dimen163
Package hyperref Info: Hyper figures OFF on input line 6342.
Package hyperref Info: Link nesting OFF on input line 6347.
Package hyperref Info: Hyper index ON on input line 6350.
Package hyperref Info: backreferencing OFF on input line 6357.
Package hyperref Info: Link coloring OFF on input line 6362.
Package hyperref Info: Link coloring with OCG OFF on input line 6367.
Package hyperref Info: PDF/A mode OFF on input line 6372.
LaTeX Info: Redefining \ref on input line 6412.
LaTeX Info: Redefining \pageref on input line 6416.
\Hy@abspage=\count143
\c@Item=\count144
\c@Hfootnote=\count145
)

Package hyperref Message: Driver: hpdftex.

("C:\Program Files\MiKTeX 2.9\tex\latex\hyperref\hpdftex.def"
File: hpdftex.def 2016/06/24 v6.83q Hyperref driver for pdfTeX
\Fld@listcount=\count146
\c@bookmark@seq@number=\count147

("C:\Program Files\MiKTeX 2.9\tex\latex\oberdiek\rerunfilecheck.sty"
Package: rerunfilecheck 2016/05/16 v1.8 Rerun checks for auxiliary files (HO)
Package uniquecounter Info: New unique counter `rerunfilecheck' on input line 2
82.
)
\Hy@SectionHShift=\skip75
)
\c@definition=\count148
\c@theorem=\count149
Package hyperref Info: Option `colorlinks' set `true' on input line 75.
Package hyperref Info: Option `bookmarksnumbered' set `true' on input line 75.

(thesis.aux (Preface/titlepage.aux) (Preface/acknowl.aux) (Preface/abstract.aux
) (Body/introduction.aux) (Body/contributions.aux) (Body/Background.aux)
(Body/approach.aux) (Body/implementation.aux) (Body/eval.aux) (Body/related.aux
) (Body/conclusion.aux) (Body/appendix.aux

LaTeX Warning: Label `lst:apm-code' multiply defined.


LaTeX Warning: Label `lst:apm-code' multiply defined.


LaTeX Warning: Label `lst:apm-code' multiply defined.


LaTeX Warning: Label `lst:apm-code' multiply defined.


LaTeX Warning: Label `lst:apm-code' multiply defined.


LaTeX Warning: Label `lst:apm-code' multiply defined.


LaTeX Warning: Label `lst:rd-code' multiply defined.


LaTeX Warning: Label `lst:ae-code' multiply defined.


LaTeX Warning: Label `lst:na-code' multiply defined.


LaTeX Warning: Label `lst:lma-code' multiply defined.


LaTeX Warning: Label `lst:rs-code' multiply defined.

))
\openout1 = `thesis.aux'.

LaTeX Font Info:    Checking defaults for OML/cmm/m/it on input line 76.
LaTeX Font Info:    ... okay on input line 76.
LaTeX Font Info:    Checking defaults for T1/cmr/m/n on input line 76.
LaTeX Font Info:    ... okay on input line 76.
LaTeX Font Info:    Checking defaults for OT1/cmr/m/n on input line 76.
LaTeX Font Info:    ... okay on input line 76.
LaTeX Font Info:    Checking defaults for OMS/cmsy/m/n on input line 76.
LaTeX Font Info:    ... okay on input line 76.
LaTeX Font Info:    Checking defaults for OMX/cmex/m/n on input line 76.
LaTeX Font Info:    ... okay on input line 76.
LaTeX Font Info:    Checking defaults for U/cmr/m/n on input line 76.
LaTeX Font Info:    ... okay on input line 76.
LaTeX Font Info:    Checking defaults for PD1/pdf/m/n on input line 76.
LaTeX Font Info:    ... okay on input line 76.

*geometry* driver: auto-detecting
*geometry* detected driver: pdftex
*geometry* verbose mode - [ preamble ] result:
* driver: pdftex
* paper: letterpaper
* layout: <same size as paper>
* layoutoffset:(h,v)=(0.0pt,0.0pt)
* modes: includehead 
* h-part:(L,W,R)=(90.3375pt, 450.2418pt, 73.7157pt)
* v-part:(T,H,B)=(39.74872pt, 682.95128pt, 72.26999pt)
* \paperwidth=614.295pt
* \paperheight=794.96999pt
* \textwidth=450.2418pt
* \textheight=645.95128pt
* \oddsidemargin=18.0675pt
* \evensidemargin=18.0675pt
* \topmargin=-32.52127pt
* \headheight=12.0pt
* \headsep=25.0pt
* \topskip=11.0pt
* \footskip=30.0pt
* \marginparwidth=59.0pt
* \marginparsep=10.0pt
* \columnsep=10.0pt
* \skip\footins=10.0pt plus 4.0pt minus 2.0pt
* \hoffset=0.0pt
* \voffset=0.0pt
* \mag=1000
* \@twocolumnfalse
* \@twosidefalse
* \@mparswitchfalse
* \@reversemarginfalse
* (1in=72.27pt=25.4mm, 1cm=28.453pt)

LaTeX Info: Redefining \microtypecontext on input line 76.
Package microtype Info: Generating PDF output.
Package microtype Info: Character protrusion enabled (level 2).
Package microtype Info: Using default protrusion set `alltext'.
Package microtype Info: Automatic font expansion enabled (level 2),
(microtype)             stretch: 20, shrink: 20, step: 1, non-selected.
Package microtype Info: Using default expansion set `basictext'.
Package microtype Info: No adjustment of tracking.
Package microtype Info: No adjustment of interword spacing.
Package microtype Info: No adjustment of character kerning.
("C:\Program Files\MiKTeX 2.9\tex\latex\microtype\mt-cmr.cfg"
File: mt-cmr.cfg 2013/05/19 v2.2 microtype config. file: Computer Modern Roman 
(RS)
)
\c@lstlisting=\count150
Package caption Info: Begin \AtBeginDocument code.
Package caption Info: subfig package v1.3 is loaded.
Package caption Info: hyperref package is loaded.
Package caption Info: rotating package is loaded.
Package caption Info: wrapfig package is loaded.
Package caption Info: End \AtBeginDocument code.

("C:\Program Files\MiKTeX 2.9\tex\context\base\supp-pdf.mkii"
[Loading MPS to PDF converter (version 2006.09.02).]
\scratchcounter=\count151
\scratchdimen=\dimen164
\scratchbox=\box64
\nofMPsegments=\count152
\nofMParguments=\count153
\everyMPshowfont=\toks22
\MPscratchCnt=\count154
\MPscratchDim=\dimen165
\MPnumerator=\count155
\makeMPintoPDFobject=\count156
\everyMPtoPDFconversion=\toks23
) ("C:\Program Files\MiKTeX 2.9\tex\latex\oberdiek\epstopdf-base.sty"
Package: epstopdf-base 2016/05/15 v2.6 Base part for package epstopdf

("C:\Program Files\MiKTeX 2.9\tex\latex\oberdiek\grfext.sty"
Package: grfext 2016/05/16 v1.2 Manage graphics extensions (HO)
)
Package epstopdf-base Info: Redefining graphics rule for `.eps' on input line 4
38.
Package grfext Info: Graphics extension search list:
(grfext)             [.png,.pdf,.jpg,.mps,.jpeg,.jbig2,.jb2,.PNG,.PDF,.JPG,.JPE
G,.JBIG2,.JB2,.eps]
(grfext)             \AppendGraphicsExtensions on input line 456.
)
\AtBeginShipoutBox=\box65
Package hyperref Info: Link coloring ON on input line 76.

("C:\Program Files\MiKTeX 2.9\tex\latex\hyperref\nameref.sty"
Package: nameref 2016/05/21 v2.44 Cross-referencing by name of section

("C:\Program Files\MiKTeX 2.9\tex\generic\oberdiek\gettitlestring.sty"
Package: gettitlestring 2016/05/16 v1.5 Cleanup title references (HO)
)
\c@section@level=\count157
)
LaTeX Info: Redefining \ref on input line 76.
LaTeX Info: Redefining \pageref on input line 76.
LaTeX Info: Redefining \nameref on input line 76.

(thesis.out) (thesis.out)
\@outlinefile=\write3
\openout3 = `thesis.out'.

\openout2 = `Preface/titlepage.aux'.

 (Preface/titlepage.tex)
LaTeX Font Info:    Try loading font information for OMS+cmr on input line 78.

("C:\Program Files\MiKTeX 2.9\tex\latex\base\omscmr.fd"
File: omscmr.fd 2014/09/29 v2.5h Standard LaTeX font definitions
)
LaTeX Font Info:    Font shape `OMS/cmr/m/n' in size <10.95> not available
(Font)              Font shape `OMS/cmsy/m/n' tried instead on input line 78.
 [1



{C:/ProgramData/MiKTeX/2.9/pdftex/config/pdftex.map}] (thesis.toc
LaTeX Font Info:    Try loading font information for U+msa on input line 2.

("C:\Program Files\MiKTeX 2.9\tex\latex\amsfonts\umsa.fd"
File: umsa.fd 2013/01/14 v3.01 AMS symbols A
)
("C:\Program Files\MiKTeX 2.9\tex\latex\microtype\mt-msa.cfg"
File: mt-msa.cfg 2006/02/04 v1.1 microtype config. file: AMS symbols (a) (RS)
)
LaTeX Font Info:    Try loading font information for U+msb on input line 2.

("C:\Program Files\MiKTeX 2.9\tex\latex\amsfonts\umsb.fd"
File: umsb.fd 2013/01/14 v3.01 AMS symbols B
)
("C:\Program Files\MiKTeX 2.9\tex\latex\microtype\mt-msb.cfg"
File: mt-msb.cfg 2005/06/01 v1.0 microtype config. file: AMS symbols (b) (RS)
) [2


] [3])
\tf@toc=\write4
\openout4 = `thesis.toc'.


[4] (thesis.lot)
\tf@lot=\write5
\openout5 = `thesis.lot'.

 [5


] (thesis.lof [6


])
\tf@lof=\write6
\openout6 = `thesis.lof'.

 [7]
\openout2 = `Preface/acknowl.aux'.

 (Preface/acknowl.tex
ACKNOWLEDGEMENTS
) [8



]
\openout2 = `Preface/abstract.aux'.

 (Preface/abstract.tex
ABSTRACT
) [9




]
\openout2 = `Body/introduction.aux'.

 (Body/introduction.tex
CHAPTER\  1.
<figures/motivation-a-rd.pdf, id=419, 694.595pt x 393.47pt>
File: figures/motivation-a-rd.pdf Graphic file (type pdf)

<use figures/motivation-a-rd.pdf>
Package pdftex.def Info: figures/motivation-a-rd.pdf used on input line 26.
(pdftex.def)             Requested size: 225.1209pt x 127.522pt.

<figures/motivation-a-pdom.pdf, id=420, 694.595pt x 375.4025pt>
File: figures/motivation-a-pdom.pdf Graphic file (type pdf)

<use figures/motivation-a-pdom.pdf>
Package pdftex.def Info: figures/motivation-a-pdom.pdf used on input line 29.
(pdftex.def)             Requested size: 225.1209pt x 121.6664pt.

Overfull \hbox (14.59996pt too wide) in paragraph at lines 26--29
 [][][][] 
 []

<figures/motivation-a-col.pdf, id=421, 694.595pt x 393.47pt>
File: figures/motivation-a-col.pdf Graphic file (type pdf)

<use figures/motivation-a-col.pdf>
Package pdftex.def Info: figures/motivation-a-col.pdf used on input line 32.
(pdftex.def)             Requested size: 225.1209pt x 127.522pt.
 [1



] [2 <./figures/motivation-a-rd.pdf> <./figures/motivation-a-pdom.pdf

pdfTeX warning: pdflatex.exe (file ./figures/motivation-a-pdom.pdf): PDF inclus
ion: multiple pdfs with page group included in a single page
> <./figures/motivation-a-col.pdf

pdfTeX warning: pdflatex.exe (file ./figures/motivation-a-col.pdf): PDF inclusi
on: multiple pdfs with page group included in a single page
>] [3] <figures/motivation-sum.pdf, id=473, 694.595pt x 395.4775pt>
File: figures/motivation-sum.pdf Graphic file (type pdf)

<use figures/motivation-sum.pdf>
Package pdftex.def Info: figures/motivation-sum.pdf used on input line 122.
(pdftex.def)             Requested size: 270.14783pt x 153.81921pt.
 [4 <./figures/motivation-sum.pdf>]) [5]
\openout2 = `Body/contributions.aux'.


(Body/contributions.tex
CHAPTER\  2.
[6



] [7]) [8]
\openout2 = `Body/Background.aux'.

 (Body/Background.tex
CHAPTER\  3.
[9



]
Missing character: There is no â in font cmr10!
Missing character: There is no € in font cmr10!
Missing character: There is no ™ in font cmr10!
 [10]
Missing character: There is no â in font cmr10!
Missing character: There is no € in font cmr10!
Missing character: There is no “ in font cmr10!
Missing character: There is no â in font cmr10!
Missing character: There is no € in font cmr10!
Missing character: There is no “ in font cmr10!
 [11]) [12]
\openout2 = `Body/approach.aux'.

 (Body/approach.tex
CHAPTER\  4.
<figures/hybrid-overview.pdf, id=525, 781.92125pt x 290.08376pt>
File: figures/hybrid-overview.pdf Graphic file (type pdf)

<use figures/hybrid-overview.pdf>
Package pdftex.def Info: figures/hybrid-overview.pdf used on input line 11.
(pdftex.def)             Requested size: 405.21487pt x 150.33096pt.
 (Body/language.tex [13



 <./figures/hybrid-overview.pdf>]
Package microtype Info: Loading generic protrusion settings for font family
(microtype)             `cmtt' (encoding: OT1).
(microtype)             For optimal results, create family-specific settings.
(microtype)             See the microtype manual for details.
 [14] (figures/syntax.tex
Overfull \hbox (7.48172pt too wide) in paragraph at lines 7--7
[]|\OT1/cmr/bx/n/10 Construct| 
 []


Underfull \hbox (badness 10000) in paragraph at lines 8--8
[]|[][][][][][][][][][][]
 []


Underfull \hbox (badness 10000) in paragraph at lines 8--8
[][][][][][][][][][][][][][][][][][][][][][][][]
 []


Underfull \hbox (badness 10000) in paragraph at lines 9--9
[]|[][][][][][][][][][][][][][][]
 []

LaTeX Font Info:    Font shape `OMS/cmr/m/n' in size <10> not available
(Font)              Font shape `OMS/cmsy/m/n' tried instead on input line 12.

Underfull \hbox (badness 10000) in paragraph at lines 14--14
[]|[][][][][][][][][][][]
 []


Underfull \hbox (badness 10000) in paragraph at lines 14--14
[][][][][][][][][][][][][][][][]
 []


Overfull \hbox (14.14948pt too wide) in paragraph at lines 5--22
 [][] 
 []

) (figures/datatypes.tex
Overfull \hbox (16.23541pt too wide) in paragraph at lines 5--24
 [][] 
 []

) [15] [16] [17]
LaTeX Font Info:    Font shape `OT1/cmtt/bx/n' in size <9> not available
(Font)              Font shape `OT1/cmtt/m/n' tried instead on input line 271.
 (tex-figures/algorithms/postdominator.tex
<figures/running-example.pdf, id=622, 992.70876pt x 791.95876pt>
File: figures/running-example.pdf Graphic file (type pdf)

<use figures/running-example.pdf>
Package pdftex.def Info: figures/running-example.pdf used on input line 11.
(pdftex.def)             Requested size: 405.21487pt x 323.26717pt.
)
LaTeX Font Info:    Font shape `OMS/cmr/m/n' in size <9> not available
(Font)              Font shape `OMS/cmsy/m/n' tried instead on input line 304.
 [18]) [19 <./figures/running-example.pdf>]
(tex-figures/algorithms/flow_sensitivity.tex) [20] [21] [22]
(tex-figures/algorithms/loop_sensitivity.tex
Overfull \hbox (17.0pt too wide) detected at line 58
[][] 
 []

) [23] [24] [25] [26] <figures/decision.pdf, id=757, 851.18pt x 561.09625pt>
File: figures/decision.pdf Graphic file (type pdf)

<use figures/decision.pdf>
Package pdftex.def Info: figures/decision.pdf used on input line 419.
(pdftex.def)             Requested size: 450.2418pt x 296.80597pt.
 [27] [28 <./figures/decision.pdf>] [29] [30]
[31] [32]) [33]
\openout2 = `Body/implementation.aux'.

 (Body/implementation.tex
CHAPTER\  5.
[34



] (tex-figures/algorithms/traversal.tex)
(tex-figures/algorithms/allNodeids.tex)
(tex-figures/algorithms/traversalWithFixp.tex)
(tex-figures/algorithms/cfgPdom.tex) [35]
(tex-figures/algorithms/puttingItAllTogether.tex

LaTeX Warning: Float too large for page by 79.64871pt on input line 66.

) (tex-figures/algorithms/result.tex)) [36] [37] [38] [39] [40] [41]
\openout2 = `Body/eval.aux'.


(Body/eval.tex
CHAPTER\  6.
(tex-figures/analysis_table.tex) [42



] (tex-figures/dataset_table.tex)
(tex-figures/time-breakdown-table.tex) [43] [44] [45]
CHAPTER\  7.
(tex-figures/reduction-table.tex) [46

] [47]
(tex-figures/reduction-table-oopsla-guideline.tex) [48] [49]
CHAPTER\  8.
[50

]
CHAPTER\  9.
(prediction-precision.tex) (tex-figures/loop-precision.tex
<figures/loop-cp.png, id=1109, 1400.98407pt x 320.69812pt>
File: figures/loop-cp.png Graphic file (type png)

<use figures/loop-cp.png>
Package pdftex.def Info: figures/loop-cp.png used on input line 6.
(pdftex.def)             Requested size: 99.05374pt x 22.67136pt.

<figures/loop-csd.png, id=1111, 1400.98407pt x 320.69812pt>
File: figures/loop-csd.png Graphic file (type png)

<use figures/loop-csd.png>
Package pdftex.def Info: figures/loop-csd.png used on input line 10.
(pdftex.def)             Requested size: 99.05374pt x 22.67136pt.

<figures/loop-dc.png, id=1112, 1400.98407pt x 319.1925pt>
File: figures/loop-dc.png Graphic file (type png)

<use figures/loop-dc.png>
Package pdftex.def Info: figures/loop-dc.png used on input line 14.
(pdftex.def)             Requested size: 99.05374pt x 22.56493pt.

<figures/loop-lic.png, id=1113, 1400.98407pt x 321.45094pt>
File: figures/loop-lic.png Graphic file (type png)

<use figures/loop-lic.png>
Package pdftex.def Info: figures/loop-lic.png used on input line 18.
(pdftex.def)             Requested size: 99.05374pt x 22.72458pt.

Overfull \hbox (2.37306pt too wide) in paragraph at lines 6--18
 [][][][][][][][] 
 []

<figures/loop-usa.png, id=1114, 1400.98407pt x 320.69812pt>
File: figures/loop-usa.png Graphic file (type png)

<use figures/loop-usa.png>
Package pdftex.def Info: figures/loop-usa.png used on input line 22.
(pdftex.def)             Requested size: 99.05374pt x 22.67136pt.

<figures/loop-vfr.png, id=1115, 933.98938pt x 213.79875pt>
File: figures/loop-vfr.png Graphic file (type png)

<use figures/loop-vfr.png>
Package pdftex.def Info: figures/loop-vfr.png used on input line 26.
(pdftex.def)             Requested size: 99.05374pt x 22.67299pt.

<figures/loop-mwn.png, id=1116, 933.98938pt x 213.79875pt>
File: figures/loop-mwn.png Graphic file (type png)

<use figures/loop-mwn.png>
Package pdftex.def Info: figures/loop-mwn.png used on input line 30.
(pdftex.def)             Requested size: 99.05374pt x 22.67299pt.

<figures/loop-ae.png, id=1117, 1400.98407pt x 319.94531pt>
File: figures/loop-ae.png Graphic file (type png)

<use figures/loop-ae.png>
Package pdftex.def Info: figures/loop-ae.png used on input line 34.
(pdftex.def)             Requested size: 99.05374pt x 22.61813pt.

Overfull \hbox (2.37306pt too wide) in paragraph at lines 22--34
 [][][][][][][][] 
 []

<figures/loop-lma.png, id=1118, 1400.98407pt x 321.45094pt>
File: figures/loop-lma.png Graphic file (type png)

<use figures/loop-lma.png>
Package pdftex.def Info: figures/loop-lma.png used on input line 38.
(pdftex.def)             Requested size: 99.05374pt x 22.72458pt.

<figures/loop-lmna.png, id=1119, 1400.98407pt x 321.45094pt>
File: figures/loop-lmna.png Graphic file (type png)

<use figures/loop-lmna.png>
Package pdftex.def Info: figures/loop-lmna.png used on input line 42.
(pdftex.def)             Requested size: 99.05374pt x 22.72458pt.

<figures/loop-lv.png, id=1120, 1400.98407pt x 322.20375pt>
File: figures/loop-lv.png Graphic file (type png)

<use figures/loop-lv.png>
Package pdftex.def Info: figures/loop-lv.png used on input line 46.
(pdftex.def)             Requested size: 99.05374pt x 22.7778pt.

<figures/loop-na.png, id=1121, 1400.98407pt x 321.45094pt>
File: figures/loop-na.png Graphic file (type png)

<use figures/loop-na.png>
Package pdftex.def Info: figures/loop-na.png used on input line 50.
(pdftex.def)             Requested size: 99.05374pt x 22.72458pt.

Overfull \hbox (2.37306pt too wide) in paragraph at lines 38--50
 [][][][][][][][] 
 []

<figures/loop-rd.png, id=1122, 1400.98407pt x 321.45094pt>
File: figures/loop-rd.png Graphic file (type png)

<use figures/loop-rd.png>
Package pdftex.def Info: figures/loop-rd.png used on input line 54.
(pdftex.def)             Requested size: 99.05374pt x 22.72458pt.

<figures/loop-rs.png, id=1123, 1400.98407pt x 321.45094pt>
File: figures/loop-rs.png Graphic file (type png)

<use figures/loop-rs.png>
Package pdftex.def Info: figures/loop-rs.png used on input line 58.
(pdftex.def)             Requested size: 99.05374pt x 22.72458pt.

<figures/loop-vbe.png, id=1124, 1400.98407pt x 321.45094pt>
File: figures/loop-vbe.png Graphic file (type png)

<use figures/loop-vbe.png>
Package pdftex.def Info: figures/loop-vbe.png used on input line 62.
(pdftex.def)             Requested size: 99.05374pt x 22.72458pt.

<figures/loop-ss.png, id=1125, 933.98938pt x 213.79875pt>
File: figures/loop-ss.png Graphic file (type png)

<use figures/loop-ss.png>
Package pdftex.def Info: figures/loop-ss.png used on input line 66.
(pdftex.def)             Requested size: 99.05374pt x 22.67299pt.

Overfull \hbox (2.37306pt too wide) in paragraph at lines 54--66
 [][][][][][][][] 
 []

) [51

 <./figures/loop-cp.png> <./figures/loop-csd.png> <./figures/loop-dc.png> <./fi
gures/loop-lic.png> <./figures/loop-usa.png> <./figures/loop-vfr.png> <./figure
s/loop-mwn.png> <./figures/loop-ae.png> <./figures/loop-lma.png> <./figures/loo
p-lmna.png> <./figures/loop-lv.png> <./figures/loop-na.png> <./figures/loop-rd.
png> <./figures/loop-rs.png> <./figures/loop-vbe.png> <./figures/loop-ss.png>] 
(tex-figures/misprediction-graph.tex
<tex-figures/misprediction/cp-crop.pdf, id=1161, 694.595pt x 407.5225pt>
File: tex-figures/misprediction/cp-crop.pdf Graphic file (type pdf)

<use tex-figures/misprediction/cp-crop.pdf>
Package pdftex.def Info: tex-figures/misprediction/cp-crop.pdf used on input li
ne 4.
(pdftex.def)             Requested size: 144.08067pt x 84.53136pt.

<tex-figures/misprediction/csd-crop.pdf, id=1162, 694.595pt x 407.5225pt>
File: tex-figures/misprediction/csd-crop.pdf Graphic file (type pdf)

<use tex-figures/misprediction/csd-crop.pdf>
Package pdftex.def Info: tex-figures/misprediction/csd-crop.pdf used on input l
ine 6.
(pdftex.def)             Requested size: 144.08067pt x 84.53136pt.

<tex-figures/misprediction/DC-crop.pdf, id=1163, 694.595pt x 407.5225pt>
File: tex-figures/misprediction/DC-crop.pdf Graphic file (type pdf)

<use tex-figures/misprediction/DC-crop.pdf>
Package pdftex.def Info: tex-figures/misprediction/DC-crop.pdf used on input li
ne 8.
(pdftex.def)             Requested size: 144.08067pt x 84.53136pt.

<tex-figures/misprediction/LIC-crop.pdf, id=1164, 694.595pt x 407.5225pt>
File: tex-figures/misprediction/LIC-crop.pdf Graphic file (type pdf)

<use tex-figures/misprediction/LIC-crop.pdf>
Package pdftex.def Info: tex-figures/misprediction/LIC-crop.pdf used on input l
ine 11.
(pdftex.def)             Requested size: 144.08067pt x 84.53136pt.

<tex-figures/misprediction/usa-crop.pdf, id=1165, 694.595pt x 407.5225pt>
File: tex-figures/misprediction/usa-crop.pdf Graphic file (type pdf)

<use tex-figures/misprediction/usa-crop.pdf>
Package pdftex.def Info: tex-figures/misprediction/usa-crop.pdf used on input l
ine 13.
(pdftex.def)             Requested size: 144.08067pt x 84.53136pt.

<tex-figures/misprediction/vfr-crop.pdf, id=1166, 694.595pt x 407.5225pt>
File: tex-figures/misprediction/vfr-crop.pdf Graphic file (type pdf)

<use tex-figures/misprediction/vfr-crop.pdf>
Package pdftex.def Info: tex-figures/misprediction/vfr-crop.pdf used on input l
ine 15.
(pdftex.def)             Requested size: 144.08067pt x 84.53136pt.

<tex-figures/misprediction/mwn-crop.pdf, id=1167, 694.595pt x 407.5225pt>
File: tex-figures/misprediction/mwn-crop.pdf Graphic file (type pdf)

<use tex-figures/misprediction/mwn-crop.pdf>
Package pdftex.def Info: tex-figures/misprediction/mwn-crop.pdf used on input l
ine 18.
(pdftex.def)             Requested size: 144.08067pt x 84.53136pt.

<tex-figures/misprediction/AE-crop.pdf, id=1168, 694.595pt x 407.5225pt>
File: tex-figures/misprediction/AE-crop.pdf Graphic file (type pdf)

<use tex-figures/misprediction/AE-crop.pdf>
Package pdftex.def Info: tex-figures/misprediction/AE-crop.pdf used on input li
ne 20.
(pdftex.def)             Requested size: 144.08067pt x 84.53136pt.

<tex-figures/misprediction/LMA-crop.pdf, id=1169, 694.595pt x 407.5225pt>
File: tex-figures/misprediction/LMA-crop.pdf Graphic file (type pdf)

<use tex-figures/misprediction/LMA-crop.pdf>
Package pdftex.def Info: tex-figures/misprediction/LMA-crop.pdf used on input l
ine 22.
(pdftex.def)             Requested size: 144.08067pt x 84.53136pt.

<tex-figures/misprediction/LMNA-crop.pdf, id=1170, 694.595pt x 407.5225pt>
File: tex-figures/misprediction/LMNA-crop.pdf Graphic file (type pdf)

<use tex-figures/misprediction/LMNA-crop.pdf>
Package pdftex.def Info: tex-figures/misprediction/LMNA-crop.pdf used on input 
line 25.
(pdftex.def)             Requested size: 144.08067pt x 84.53136pt.

<tex-figures/misprediction/LV-crop.pdf, id=1171, 694.595pt x 407.5225pt>
File: tex-figures/misprediction/LV-crop.pdf Graphic file (type pdf)

<use tex-figures/misprediction/LV-crop.pdf>
Package pdftex.def Info: tex-figures/misprediction/LV-crop.pdf used on input li
ne 27.
(pdftex.def)             Requested size: 144.08067pt x 84.53136pt.

<tex-figures/misprediction/NA-crop.pdf, id=1172, 694.595pt x 407.5225pt>
File: tex-figures/misprediction/NA-crop.pdf Graphic file (type pdf)

<use tex-figures/misprediction/NA-crop.pdf>
Package pdftex.def Info: tex-figures/misprediction/NA-crop.pdf used on input li
ne 29.
(pdftex.def)             Requested size: 144.08067pt x 84.53136pt.

<tex-figures/misprediction/rd-crop.pdf, id=1173, 694.595pt x 407.5225pt>
File: tex-figures/misprediction/rd-crop.pdf Graphic file (type pdf)

<use tex-figures/misprediction/rd-crop.pdf>
Package pdftex.def Info: tex-figures/misprediction/rd-crop.pdf used on input li
ne 32.
(pdftex.def)             Requested size: 144.08067pt x 84.53136pt.

<tex-figures/misprediction/rs-crop.pdf, id=1174, 694.595pt x 407.5225pt>
File: tex-figures/misprediction/rs-crop.pdf Graphic file (type pdf)

<use tex-figures/misprediction/rs-crop.pdf>
Package pdftex.def Info: tex-figures/misprediction/rs-crop.pdf used on input li
ne 34.
(pdftex.def)             Requested size: 144.08067pt x 84.53136pt.

<tex-figures/misprediction/VBE-crop.pdf, id=1175, 694.595pt x 407.5225pt>
File: tex-figures/misprediction/VBE-crop.pdf Graphic file (type pdf)

<use tex-figures/misprediction/VBE-crop.pdf>
Package pdftex.def Info: tex-figures/misprediction/VBE-crop.pdf used on input l
ine 36.
(pdftex.def)             Requested size: 144.08067pt x 84.53136pt.

<tex-figures/misprediction/SS-crop.pdf, id=1176, 694.595pt x 407.5225pt>
File: tex-figures/misprediction/SS-crop.pdf Graphic file (type pdf)

<use tex-figures/misprediction/SS-crop.pdf>
Package pdftex.def Info: tex-figures/misprediction/SS-crop.pdf used on input li
ne 39.
(pdftex.def)             Requested size: 144.08067pt x 84.53136pt.


LaTeX Warning: `h' float specifier changed to `ht'.

) [52] [53] [54 <./tex-figures/misprediction/cp-crop.pdf> <./tex-figures/mispre
diction/csd-crop.pdf

pdfTeX warning: pdflatex.exe (file ./tex-figures/misprediction/csd-crop.pdf): P
DF inclusion: multiple pdfs with page group included in a single page
> <./tex-figures/misprediction/DC-crop.pdf

pdfTeX warning: pdflatex.exe (file ./tex-figures/misprediction/DC-crop.pdf): PD
F inclusion: multiple pdfs with page group included in a single page
> <./tex-figures/misprediction/LIC-crop.pdf

pdfTeX warning: pdflatex.exe (file ./tex-figures/misprediction/LIC-crop.pdf): P
DF inclusion: multiple pdfs with page group included in a single page
> <./tex-figures/misprediction/usa-crop.pdf

pdfTeX warning: pdflatex.exe (file ./tex-figures/misprediction/usa-crop.pdf): P
DF inclusion: multiple pdfs with page group included in a single page
> <./tex-figures/misprediction/vfr-crop.pdf

pdfTeX warning: pdflatex.exe (file ./tex-figures/misprediction/vfr-crop.pdf): P
DF inclusion: multiple pdfs with page group included in a single page
> <./tex-figures/misprediction/mwn-crop.pdf

pdfTeX warning: pdflatex.exe (file ./tex-figures/misprediction/mwn-crop.pdf): P
DF inclusion: multiple pdfs with page group included in a single page
> <./tex-figures/misprediction/AE-crop.pdf

pdfTeX warning: pdflatex.exe (file ./tex-figures/misprediction/AE-crop.pdf): PD
F inclusion: multiple pdfs with page group included in a single page
> <./tex-figures/misprediction/LMA-crop.pdf

pdfTeX warning: pdflatex.exe (file ./tex-figures/misprediction/LMA-crop.pdf): P
DF inclusion: multiple pdfs with page group included in a single page
> <./tex-figures/misprediction/LMNA-crop.pdf

pdfTeX warning: pdflatex.exe (file ./tex-figures/misprediction/LMNA-crop.pdf): 
PDF inclusion: multiple pdfs with page group included in a single page
> <./tex-figures/misprediction/LV-crop.pdf

pdfTeX warning: pdflatex.exe (file ./tex-figures/misprediction/LV-crop.pdf): PD
F inclusion: multiple pdfs with page group included in a single page
> <./tex-figures/misprediction/NA-crop.pdf

pdfTeX warning: pdflatex.exe (file ./tex-figures/misprediction/NA-crop.pdf): PD
F inclusion: multiple pdfs with page group included in a single page
> <./tex-figures/misprediction/rd-crop.pdf

pdfTeX warning: pdflatex.exe (file ./tex-figures/misprediction/rd-crop.pdf): PD
F inclusion: multiple pdfs with page group included in a single page
> <./tex-figures/misprediction/rs-crop.pdf

pdfTeX warning: pdflatex.exe (file ./tex-figures/misprediction/rs-crop.pdf): PD
F inclusion: multiple pdfs with page group included in a single page
> <./tex-figures/misprediction/VBE-crop.pdf

pdfTeX warning: pdflatex.exe (file ./tex-figures/misprediction/VBE-crop.pdf): P
DF inclusion: multiple pdfs with page group included in a single page
> <./tex-figures/misprediction/SS-crop.pdf

pdfTeX warning: pdflatex.exe (file ./tex-figures/misprediction/SS-crop.pdf): PD
F inclusion: multiple pdfs with page group included in a single page
>]
CHAPTER\  10.
(tex-figures/paths-table.tex) (tex-figures/paths-table2.tex

LaTeX Warning: `h' float specifier changed to `ht'.

) [55

] [56] [57]
CHAPTER\  11.
<figures/hybrid-optimization.pdf, id=1367, 694.595pt x 188.705pt>
File: figures/hybrid-optimization.pdf Graphic file (type pdf)

<use figures/hybrid-optimization.pdf>
Package pdftex.def Info: figures/hybrid-optimization.pdf used on input line 363
.
(pdftex.def)             Requested size: 450.2418pt x 122.32277pt.
 [58

 <./figures/hybrid-optimization.pdf>]) [59] (Body/case-studies.tex
CHAPTER\  12.
(tex-figures/case-study-table.tex) (tex-figures/precondition-mining.tex)
Package microtype Info: Loading generic protrusion settings for font family
(microtype)             `cmss' (encoding: OT1).
(microtype)             For optimal results, create family-specific settings.
(microtype)             See the microtype manual for details.
LaTeX Font Info:    Try loading font information for OML+cmss on input line 21.

LaTeX Font Info:    No file OMLcmss.fd. on input line 21.


LaTeX Font Warning: Font shape `OML/cmss/m/n' undefined
(Font)              using `OML/cmm/m/it' instead
(Font)              for symbol `textless' on input line 21.

[60


] (tex-figures/api-usage.tex
LaTeX Font Info:    Font shape `OMS/cmr/m/n' in size <8> not available
(Font)              Font shape `OMS/cmsy/m/n' tried instead on input line 11.

Overfull \hbox (6.7759pt too wide) in paragraph at lines 6--37
 [][] 
 []

)) (threats.tex [61] [62]
CHAPTER\  13.
) [63

]
\openout2 = `Body/related.aux'.

 (Body/related.tex
CHAPTER\  14.
[64


] [65]) [66]
\openout2 = `Body/conclusion.aux'.

 (Body/conclusion.tex
CHAPTER\  15.

Underfull \hbox (badness 10000) in paragraph at lines 4--24

 []

) [67



] [68] (thesis.bbl [69


] [70] [71] [72]) [73]
\openout2 = `Body/appendix.aux'.

 (Body/appendix.tex
CHAPTER\  16.
(tex-figures/code/apm-1.tex

LaTeX Warning: Float too large for page by 68.64871pt on input line 315.

) (tex-figures/code/apm-2.tex

LaTeX Warning: Float too large for page by 156.64871pt on input line 315.

) (tex-figures/code/apm-3.tex

LaTeX Warning: Float too large for page by 57.64871pt on input line 315.

) (tex-figures/code/apm-4.tex

LaTeX Warning: Float too large for page by 68.64871pt on input line 315.

) (tex-figures/code/apm-5.tex

LaTeX Warning: Float too large for page by 68.64871pt on input line 315.

) (tex-figures/code/apm-6.tex

LaTeX Warning: Float too large for page by 90.64871pt on input line 315.

) (tex-figures/code/apm-7.tex) (tex-figures/code/dominator.tex

LaTeX Warning: Float too large for page by 79.64871pt on input line 67.

) (tex-figures/code/post-dominator.tex

LaTeX Warning: Float too large for page by 90.64871pt on input line 68.

) (tex-figures/code/lv.tex

LaTeX Warning: Float too large for page by 35.64871pt on input line 63.

) (tex-figures/code/rd-1.tex

LaTeX Warning: Float too large for page by 24.64871pt on input line 77.

) (tex-figures/code/rd-2.tex) (tex-figures/code/AE-1.tex

LaTeX Warning: Float too large for page by 134.64871pt on input line 120.

) (tex-figures/code/AE-2.tex

LaTeX Warning: Float too large for page by 57.64871pt on input line 120.

) (tex-figures/code/udv-1.tex

LaTeX Warning: Float too large for page by 79.64871pt on input line 68.

) (tex-figures/code/NA-1.tex

LaTeX Warning: Float too large for page by 68.64871pt on input line 124.

) (tex-figures/code/NA-2.tex

LaTeX Warning: Float too large for page by 79.64871pt on input line 124.

) (tex-figures/code/lma-1.tex

LaTeX Warning: Float too large for page by 46.64871pt on input line 97.

) (tex-figures/code/lma-2.tex) (tex-figures/code/rs-1.tex

LaTeX Warning: Float too large for page by 46.64871pt on input line 86.

) (tex-figures/code/rs-2.tex)) [74


] [75] [76] [77] [78] [79] [80] [81] [82]
[83] [84] [85] [86] [87] [88] [89] [90] [91] [92] [93] [94] [95]
Package atveryend Info: Empty hook `BeforeClearDocument' on input line 110.
Package atveryend Info: Empty hook `AfterLastShipout' on input line 110.
 (thesis.aux
(Preface/titlepage.aux) (Preface/acknowl.aux) (Preface/abstract.aux)
(Body/introduction.aux) (Body/contributions.aux) (Body/Background.aux)
(Body/approach.aux) (Body/implementation.aux) (Body/eval.aux) (Body/related.aux
) (Body/conclusion.aux) (Body/appendix.aux))
Package atveryend Info: Executing hook `AtVeryEndDocument' on input line 110.
Package atveryend Info: Executing hook `AtEndAfterFileList' on input line 110.
Package rerunfilecheck Info: File `thesis.out' has not changed.
(rerunfilecheck)             Checksum: 70C6150A22F7734E5F03763AFF68E4AD;4951.


LaTeX Font Warning: Some font shapes were not available, defaults substituted.


LaTeX Warning: There were multiply-defined labels.

Package atveryend Info: Empty hook `AtVeryVeryEnd' on input line 110.
 ) 
Here is how much of TeX's memory you used:
 14469 strings out of 493333
 219572 string characters out of 3139192
 2901549 words of memory out of 3000000
 15782 multiletter control sequences out of 15000+200000
 22128 words of font info for 145 fonts, out of 3000000 for 9000
 1141 hyphenation exceptions out of 8191
 44i,23n,51p,2467b,1704s stack positions out of 5000i,500n,10000p,200000b,50000s
<C:/Program Files/MiKTeX 2.9/fonts/type1/public/amsfonts/cm/cmbx10.pfb><C:/Pr
ogram Files/MiKTeX 2.9/fonts/type1/public/amsfonts/cm/cmbx12.pfb><C:/Program Fi
les/MiKTeX 2.9/fonts/type1/public/amsfonts/cm/cmbx8.pfb><C:/Program Files/MiKTe
X 2.9/fonts/type1/public/amsfonts/cm/cmbxti10.pfb><C:/Program Files/MiKTeX 2.9/
fonts/type1/public/amsfonts/cm/cmitt10.pfb><C:/Program Files/MiKTeX 2.9/fonts/t
ype1/public/amsfonts/cm/cmmi10.pfb><C:/Program Files/MiKTeX 2.9/fonts/type1/pub
lic/amsfonts/cm/cmmi8.pfb><C:/Program Files/MiKTeX 2.9/fonts/type1/public/amsfo
nts/cm/cmr10.pfb><C:/Program Files/MiKTeX 2.9/fonts/type1/public/amsfonts/cm/cm
r6.pfb><C:/Program Files/MiKTeX 2.9/fonts/type1/public/amsfonts/cm/cmr8.pfb><C:
/Program Files/MiKTeX 2.9/fonts/type1/public/amsfonts/cm/cmr9.pfb><C:/Program F
iles/MiKTeX 2.9/fonts/type1/public/amsfonts/cm/cmss10.pfb><C:/Program Files/MiK
TeX 2.9/fonts/type1/public/amsfonts/cm/cmsy10.pfb><C:/Program Files/MiKTeX 2.9/
fonts/type1/public/amsfonts/cm/cmsy8.pfb><C:/Program Files/MiKTeX 2.9/fonts/typ
e1/public/amsfonts/cm/cmsy9.pfb><C:/Program Files/MiKTeX 2.9/fonts/type1/public
/amsfonts/cm/cmti10.pfb><C:/Program Files/MiKTeX 2.9/fonts/type1/public/amsfont
s/cm/cmtt9.pfb><C:/Program Files/MiKTeX 2.9/fonts/type1/public/amsfonts/symbols
/msam10.pfb><C:/Program Files/MiKTeX 2.9/fonts/type1/urw/zapfding/uzdr.pfb>
Output written on thesis.pdf (104 pages, 5153439 bytes).
PDF statistics:
 3022 PDF objects out of 3580 (max. 8388607)
 1594 named destinations out of 1728 (max. 500000)
 21209 words of extra memory for PDF output out of 24883 (max. 10000000)

